<?xml version="1.0" encoding="UTF-8"?>
<!-- Generated by org.testng.reporters.JUnitXMLReporter -->
<testsuite ignored="0" hostname="WIN2" failures="0" tests="6" name="Default test" time="132.364" errors="0" timestamp="2023-08-13T11:55:37 ICT">
  <testcase classname="automation.testsuite.MuaNgay_Test_ChuyenKhoan" name="orderProduc_Fail_BlankAll_Bank" time="23.744"/>
  <testcase classname="automation.testsuite.MuaNgay_Test_ChuyenKhoan" name="orderProduc_Fail_BlankDiaChi_Bank" time="20.792"/>
  <testcase classname="automation.testsuite.MuaNgay_Test_ChuyenKhoan" name="orderProduc_Fail_BlankHoVaTen_Bank" time="17.599"/>
  <testcase classname="automation.testsuite.MuaNgay_Test_ChuyenKhoan" name="orderProduc_Fail_BlankSDT_Bank" time="17.566"/>
  <testcase classname="automation.testsuite.MuaNgay_Test_ChuyenKhoan" name="orderProduc_Fail_SDT_Invalid_Bank" time="18.27"/>
  <testcase classname="automation.testsuite.MuaNgay_Test_ChuyenKhoan" name="orderProduc_Success_Bank" time="20.795"/>
</testsuite> <!-- Default test -->
