<?xml version="1.0" encoding="UTF-8"?>
<!-- Generated by org.testng.reporters.JUnitXMLReporter -->
<testsuite ignored="0" hostname="WIN2" failures="0" tests="6" name="Default test" time="123.563" errors="0" timestamp="2023-08-13T11:39:28 ICT">
  <testcase classname="bepAnToan_DucThang.MuaNgay_Test_TienMat" name="orderProduc_Fail_BlankAll" time="20.808"/>
  <testcase classname="bepAnToan_DucThang.MuaNgay_Test_TienMat" name="orderProduc_Fail_BlankDiaChi" time="19.543"/>
  <testcase classname="bepAnToan_DucThang.MuaNgay_Test_TienMat" name="orderProduc_Fail_BlankHoVaTen" time="16.352"/>
  <testcase classname="bepAnToan_DucThang.MuaNgay_Test_TienMat" name="orderProduc_Fail_BlankSDT" time="16.298"/>
  <testcase classname="bepAnToan_DucThang.MuaNgay_Test_TienMat" name="orderProduc_Fail_SDT_Invalid" time="17.067"/>
  <testcase classname="bepAnToan_DucThang.MuaNgay_Test_TienMat" name="orderProduc_Success" time="18.223"/>
</testsuite> <!-- Default test -->
