<?xml version="1.0" encoding="UTF-8"?>
<testng-results ignored="0" total="6" passed="6" failed="0" skipped="0">
  <reporter-output>
  </reporter-output>
  <suite started-at="2023-08-13T11:53:25 ICT" name="Default suite" finished-at="2023-08-13T11:55:37 ICT" duration-ms="132364">
    <groups>
    </groups>
    <test started-at="2023-08-13T11:53:25 ICT" name="Default test" finished-at="2023-08-13T11:55:37 ICT" duration-ms="132364">
      <class name="automation.testsuite.MuaNgay_Test_ChuyenKhoan">
        <test-method is-config="true" signature="openChrome()[pri:0, instance:automation.testsuite.MuaNgay_Test_ChuyenKhoan@17497425]" started-at="2023-08-13T11:53:25 ICT" name="openChrome" finished-at="2023-08-13T11:53:36 ICT" duration-ms="10886" status="PASS">
          <reporter-output>
          </reporter-output>
        </test-method> <!-- openChrome -->
        <test-method signature="orderProduc_Fail_BlankAll_Bank()[pri:0, instance:automation.testsuite.MuaNgay_Test_ChuyenKhoan@17497425]" started-at="2023-08-13T11:53:36 ICT" name="orderProduc_Fail_BlankAll_Bank" finished-at="2023-08-13T11:54:00 ICT" duration-ms="23744" status="PASS">
          <reporter-output>
          </reporter-output>
        </test-method> <!-- orderProduc_Fail_BlankAll_Bank -->
        <test-method signature="orderProduc_Fail_BlankDiaChi_Bank()[pri:0, instance:automation.testsuite.MuaNgay_Test_ChuyenKhoan@17497425]" started-at="2023-08-13T11:54:00 ICT" name="orderProduc_Fail_BlankDiaChi_Bank" finished-at="2023-08-13T11:54:20 ICT" duration-ms="20792" status="PASS">
          <reporter-output>
          </reporter-output>
        </test-method> <!-- orderProduc_Fail_BlankDiaChi_Bank -->
        <test-method signature="orderProduc_Fail_BlankHoVaTen_Bank()[pri:0, instance:automation.testsuite.MuaNgay_Test_ChuyenKhoan@17497425]" started-at="2023-08-13T11:54:20 ICT" name="orderProduc_Fail_BlankHoVaTen_Bank" finished-at="2023-08-13T11:54:38 ICT" duration-ms="17599" status="PASS">
          <reporter-output>
          </reporter-output>
        </test-method> <!-- orderProduc_Fail_BlankHoVaTen_Bank -->
        <test-method signature="orderProduc_Fail_BlankSDT_Bank()[pri:0, instance:automation.testsuite.MuaNgay_Test_ChuyenKhoan@17497425]" started-at="2023-08-13T11:54:38 ICT" name="orderProduc_Fail_BlankSDT_Bank" finished-at="2023-08-13T11:54:56 ICT" duration-ms="17566" status="PASS">
          <reporter-output>
          </reporter-output>
        </test-method> <!-- orderProduc_Fail_BlankSDT_Bank -->
        <test-method signature="orderProduc_Fail_SDT_Invalid_Bank()[pri:0, instance:automation.testsuite.MuaNgay_Test_ChuyenKhoan@17497425]" started-at="2023-08-13T11:54:56 ICT" name="orderProduc_Fail_SDT_Invalid_Bank" finished-at="2023-08-13T11:55:14 ICT" duration-ms="18270" status="PASS">
          <reporter-output>
          </reporter-output>
        </test-method> <!-- orderProduc_Fail_SDT_Invalid_Bank -->
        <test-method signature="orderProduc_Success_Bank()[pri:0, instance:automation.testsuite.MuaNgay_Test_ChuyenKhoan@17497425]" started-at="2023-08-13T11:55:14 ICT" name="orderProduc_Success_Bank" finished-at="2023-08-13T11:55:35 ICT" duration-ms="20795" status="PASS">
          <reporter-output>
          </reporter-output>
        </test-method> <!-- orderProduc_Success_Bank -->
        <test-method is-config="true" signature="closeChome()[pri:0, instance:automation.testsuite.MuaNgay_Test_ChuyenKhoan@17497425]" started-at="2023-08-13T11:55:35 ICT" name="closeChome" finished-at="2023-08-13T11:55:37 ICT" duration-ms="2488" status="PASS">
          <reporter-output>
          </reporter-output>
        </test-method> <!-- closeChome -->
      </class> <!-- automation.testsuite.MuaNgay_Test_ChuyenKhoan -->
    </test> <!-- Default test -->
  </suite> <!-- Default suite -->
</testng-results>
